<?xml version="1.0" encoding="UTF-8"?>
<!-- Generated by org.testng.reporters.JUnitXMLReporter -->
<testsuite ignored="11" hostname="DESKTOP-IH4C39S" failures="0" tests="3" name="Test" time="203.613" errors="0" timestamp="2022-07-05T22:14:00 IST">
  <testcase classname="com.crm.Mobicentrum.PurchaseTest.CreatePurchase" name="CreatePurchaseOrderWithVendorAndContact" time="97.022"/>
  <testcase classname="com.crm.Mobicentrum.CampaignTest.CreateCampaign" name="CreateCampaignTest" time="24.17"/>
  <testcase classname="com.crm.Mobicentrum.ContactTest.CreateContact" name="CreateContactTest" time="25.551"/>
  <testcase classname="com.crm.Mobicentrum.CampaignTest.CreateCampaign" name="CreateCampaignWithProduct" time="0.0">
    <ignored/>
  </testcase> <!-- CreateCampaignWithProduct -->
  <testcase classname="com.crm.Mobicentrum.GenericUtility.BaseClass" name="@AfterSuite closeDB" time="0.0">
    <ignored/>
  </testcase> <!-- @AfterSuite closeDB -->
  <testcase classname="com.crm.Mobicentrum.GenericUtility.BaseClass" name="@AfterSuite closeDB" time="0.0">
    <ignored/>
  </testcase> <!-- @AfterSuite closeDB -->
  <testcase classname="com.crm.Mobicentrum.GenericUtility.BaseClass" name="@AfterSuite closeDB" time="0.0">
    <ignored/>
  </testcase> <!-- @AfterSuite closeDB -->
  <testcase classname="Practice.BookTicketDP" name="bookTicketTest" time="0.0">
    <ignored/>
  </testcase> <!-- bookTicketTest -->
  <testcase classname="com.crm.Mobicentrum.OrganizationTest.CreateOrganization" name="createOrganization" time="0.0">
    <ignored/>
  </testcase> <!-- createOrganization -->
  <testcase classname="com.crm.Mobicentrum.ContactTest.CreateContact" name="CreateAndDeleteContactTest" time="0.0">
    <ignored/>
  </testcase> <!-- CreateAndDeleteContactTest -->
  <testcase classname="com.crm.Mobicentrum.GenericUtility.BaseClass" name="@BeforeSuite ConnectDB" time="0.0">
    <ignored/>
  </testcase> <!-- @BeforeSuite ConnectDB -->
  <testcase classname="com.crm.Mobicentrum.GenericUtility.BaseClass" name="@BeforeSuite ConnectDB" time="0.0">
    <ignored/>
  </testcase> <!-- @BeforeSuite ConnectDB -->
  <testcase classname="com.crm.Mobicentrum.GenericUtility.BaseClass" name="@BeforeSuite ConnectDB" time="0.0">
    <ignored/>
  </testcase> <!-- @BeforeSuite ConnectDB -->
  <testcase classname="Practice.BookTicketDPWith3Arg" name="BookTicketDPWith3ArgTest" time="0.0">
    <ignored/>
  </testcase> <!-- BookTicketDPWith3ArgTest -->
</testsuite> <!-- Test -->
