<?xml version="1.0" encoding="UTF-8"?>
<!-- Generated by org.testng.reporters.JUnitXMLReporter -->
<testsuite ignored="4" hostname="DESKTOP-IH4C39S" failures="0" tests="2" name="Test" time="88.264" errors="0" timestamp="2022-07-05T22:21:50 IST">
  <testcase classname="com.crm.Mobicentrum.CampaignTest.CreateCampaign" name="CreateCampaignTest" time="29.045"/>
  <testcase classname="com.crm.Mobicentrum.ContactTest.CreateContact" name="CreateContactTest" time="21.295"/>
  <testcase classname="com.crm.Mobicentrum.CampaignTest.CreateCampaign" name="CreateCampaignWithProduct" time="0.0">
    <ignored/>
  </testcase> <!-- CreateCampaignWithProduct -->
  <testcase classname="com.crm.Mobicentrum.GenericUtility.BaseClass" name="@AfterSuite closeDB" time="0.0">
    <ignored/>
  </testcase> <!-- @AfterSuite closeDB -->
  <testcase classname="com.crm.Mobicentrum.ContactTest.CreateContact" name="CreateAndDeleteContactTest" time="0.0">
    <ignored/>
  </testcase> <!-- CreateAndDeleteContactTest -->
  <testcase classname="com.crm.Mobicentrum.GenericUtility.BaseClass" name="@BeforeSuite ConnectDB" time="0.0">
    <ignored/>
  </testcase> <!-- @BeforeSuite ConnectDB -->
</testsuite> <!-- Test -->
