<?xml version="1.0" encoding="UTF-8"?>
<!-- Generated by org.testng.reporters.JUnitXMLReporter -->
<testsuite hostname="DESKTOP-IH4C39S" ignored="0" name="Test" tests="3" failures="1" timestamp="2022-07-26T13:08:36 IST" time="130.323" errors="0">
  <testcase name="testA" time="1.607" classname="Practice.SampleExtendsReport"/>
  <testcase name="testB" time="0.011" classname="Practice.SampleExtendsReport"/>
  <testcase name="testC" time="0.015" classname="Practice.SampleExtendsReport">
    <failure type="java.lang.AssertionError" message="null">
      <![CDATA[java.lang.AssertionError: null
at Practice.SampleExtendsReport.testC(SampleExtendsReport.java:30)
at java.util.ArrayList.forEach(ArrayList.java:1259)
... Removed 29 stack frames]]>
    </failure>
  </testcase> <!-- testC -->
</testsuite> <!-- Test -->
