<?xml version="1.0" encoding="UTF-8"?>
<!-- Generated by org.testng.reporters.JUnitXMLReporter -->
<testsuite ignored="0" hostname="DESKTOP-IH4C39S" failures="0" tests="2" name="Test2" time="190.341" errors="0" timestamp="2022-07-07T12:11:34 IST">
  <testcase classname="com.crm.Mobicentrum.CampaignTest.CreateCampaign" name="CreateCampaignTest" time="46.783"/>
  <testcase classname="com.crm.Mobicentrum.CampaignTest.CreateCampaign" name="CreateCampaignWithProduct" time="43.116"/>
</testsuite> <!-- Test2 -->
