<?xml version="1.0" encoding="UTF-8"?>
<!-- Generated by org.testng.reporters.JUnitXMLReporter -->
<testsuite ignored="6" hostname="DESKTOP-IH4C39S" failures="0" tests="6" name="Test" time="444.764" errors="0" timestamp="2022-07-06T10:29:17 IST">
  <testcase classname="com.crm.Mobicentrum.PurchaseTest.CreatePurchase" name="CreatePurchaseOrderWithVendorAndContact" time="124.2"/>
  <testcase classname="com.crm.Mobicentrum.OrganizationTest.CreateOrganization" name="createOrganization" time="20.768"/>
  <testcase classname="com.crm.Mobicentrum.CampaignTest.CreateCampaign" name="CreateCampaignTest" time="28.06"/>
  <testcase classname="com.crm.Mobicentrum.CampaignTest.CreateCampaign" name="CreateCampaignWithProduct" time="45.469"/>
  <testcase classname="com.crm.Mobicentrum.ContactTest.CreateContact" name="CreateAndDeleteContactTest" time="35.063"/>
  <testcase classname="com.crm.Mobicentrum.ContactTest.CreateContact" name="CreateContactTest" time="22.849"/>
  <testcase classname="com.crm.Mobicentrum.GenericUtility.BaseClass" name="@AfterSuite closeDB" time="0.0">
    <ignored/>
  </testcase> <!-- @AfterSuite closeDB -->
  <testcase classname="com.crm.Mobicentrum.GenericUtility.BaseClass" name="@AfterSuite closeDB" time="0.0">
    <ignored/>
  </testcase> <!-- @AfterSuite closeDB -->
  <testcase classname="com.crm.Mobicentrum.GenericUtility.BaseClass" name="@AfterSuite closeDB" time="0.0">
    <ignored/>
  </testcase> <!-- @AfterSuite closeDB -->
  <testcase classname="com.crm.Mobicentrum.GenericUtility.BaseClass" name="@BeforeSuite ConnectDB" time="0.0">
    <ignored/>
  </testcase> <!-- @BeforeSuite ConnectDB -->
  <testcase classname="com.crm.Mobicentrum.GenericUtility.BaseClass" name="@BeforeSuite ConnectDB" time="0.0">
    <ignored/>
  </testcase> <!-- @BeforeSuite ConnectDB -->
  <testcase classname="com.crm.Mobicentrum.GenericUtility.BaseClass" name="@BeforeSuite ConnectDB" time="0.0">
    <ignored/>
  </testcase> <!-- @BeforeSuite ConnectDB -->
</testsuite> <!-- Test -->
