<?xml version="1.0" encoding="UTF-8"?>
<testng-results skipped="0" failed="1" ignored="0" total="3" passed="2">
  <reporter-output>
  </reporter-output>
  <suite name="Suite" duration-ms="130323" started-at="2022-07-26T13:06:25 IST" finished-at="2022-07-26T13:08:36 IST">
    <groups>
    </groups>
    <test name="Test" duration-ms="130323" started-at="2022-07-26T13:06:25 IST" finished-at="2022-07-26T13:08:36 IST">
      <class name="Practice.SampleExtendsReport">
        <test-method status="PASS" signature="ConnectDB()[pri:0, instance:Practice.SampleExtendsReport@61862a7f]" name="ConnectDB" is-config="true" duration-ms="1945" started-at="2022-07-26T13:06:23 IST" finished-at="2022-07-26T13:06:25 IST">
          <reporter-output>
          </reporter-output>
        </test-method> <!-- ConnectDB -->
        <test-method status="PASS" signature="launchBrowser()[pri:0, instance:Practice.SampleExtendsReport@61862a7f]" name="launchBrowser" is-config="true" duration-ms="20887" started-at="2022-07-26T13:06:27 IST" finished-at="2022-07-26T13:06:48 IST">
          <reporter-output>
          </reporter-output>
        </test-method> <!-- launchBrowser -->
        <test-method status="PASS" signature="login()[pri:0, instance:Practice.SampleExtendsReport@61862a7f]" name="login" is-config="true" duration-ms="38808" started-at="2022-07-26T13:06:48 IST" finished-at="2022-07-26T13:07:27 IST">
          <reporter-output>
          </reporter-output>
        </test-method> <!-- login -->
        <test-method status="PASS" signature="testA()[pri:0, instance:Practice.SampleExtendsReport@61862a7f]" name="testA" duration-ms="1607" started-at="2022-07-26T13:07:29 IST" finished-at="2022-07-26T13:07:31 IST">
          <reporter-output>
          </reporter-output>
        </test-method> <!-- testA -->
        <test-method status="PASS" signature="logout()[pri:0, instance:Practice.SampleExtendsReport@61862a7f]" name="logout" is-config="true" duration-ms="19002" started-at="2022-07-26T13:07:31 IST" finished-at="2022-07-26T13:07:50 IST">
          <reporter-output>
          </reporter-output>
        </test-method> <!-- logout -->
        <test-method status="PASS" signature="login()[pri:0, instance:Practice.SampleExtendsReport@61862a7f]" name="login" is-config="true" duration-ms="9246" started-at="2022-07-26T13:07:50 IST" finished-at="2022-07-26T13:07:59 IST">
          <reporter-output>
          </reporter-output>
        </test-method> <!-- login -->
        <test-method status="PASS" signature="testB()[pri:0, instance:Practice.SampleExtendsReport@61862a7f]" name="testB" duration-ms="11" started-at="2022-07-26T13:07:59 IST" finished-at="2022-07-26T13:07:59 IST">
          <reporter-output>
          </reporter-output>
        </test-method> <!-- testB -->
        <test-method status="PASS" signature="logout()[pri:0, instance:Practice.SampleExtendsReport@61862a7f]" name="logout" is-config="true" duration-ms="12523" started-at="2022-07-26T13:07:59 IST" finished-at="2022-07-26T13:08:12 IST">
          <reporter-output>
          </reporter-output>
        </test-method> <!-- logout -->
        <test-method status="PASS" signature="login()[pri:0, instance:Practice.SampleExtendsReport@61862a7f]" name="login" is-config="true" duration-ms="9316" started-at="2022-07-26T13:08:12 IST" finished-at="2022-07-26T13:08:21 IST">
          <reporter-output>
          </reporter-output>
        </test-method> <!-- login -->
        <test-method status="FAIL" signature="testC()[pri:0, instance:Practice.SampleExtendsReport@61862a7f]" name="testC" duration-ms="15" started-at="2022-07-26T13:08:21 IST" finished-at="2022-07-26T13:08:21 IST">
          <exception class="java.lang.AssertionError">
            <message>
              <![CDATA[null]]>
            </message>
            <full-stacktrace>
              <![CDATA[java.lang.AssertionError: null
at org.testng.Assert.fail(Assert.java:99)
at org.testng.Assert.fail(Assert.java:106)
at Practice.SampleExtendsReport.testC(SampleExtendsReport.java:30)
at sun.reflect.NativeMethodAccessorImpl.invoke0(Native Method)
at sun.reflect.NativeMethodAccessorImpl.invoke(NativeMethodAccessorImpl.java:62)
at sun.reflect.DelegatingMethodAccessorImpl.invoke(DelegatingMethodAccessorImpl.java:43)
at java.lang.reflect.Method.invoke(Method.java:498)
at org.testng.internal.MethodInvocationHelper.invokeMethod(MethodInvocationHelper.java:133)
at org.testng.internal.TestInvoker.invokeMethod(TestInvoker.java:598)
at org.testng.internal.TestInvoker.invokeTestMethod(TestInvoker.java:173)
at org.testng.internal.MethodRunner.runInSequence(MethodRunner.java:46)
at org.testng.internal.TestInvoker$MethodInvocationAgent.invoke(TestInvoker.java:824)
at org.testng.internal.TestInvoker.invokeTestMethods(TestInvoker.java:146)
at org.testng.internal.TestMethodWorker.invokeTestMethods(TestMethodWorker.java:146)
at org.testng.internal.TestMethodWorker.run(TestMethodWorker.java:128)
at java.util.ArrayList.forEach(ArrayList.java:1259)
at org.testng.TestRunner.privateRun(TestRunner.java:794)
at org.testng.TestRunner.run(TestRunner.java:596)
at org.testng.SuiteRunner.runTest(SuiteRunner.java:377)
at org.testng.SuiteRunner.runSequentially(SuiteRunner.java:371)
at org.testng.SuiteRunner.privateRun(SuiteRunner.java:332)
at org.testng.SuiteRunner.run(SuiteRunner.java:276)
at org.testng.SuiteRunnerWorker.runSuite(SuiteRunnerWorker.java:53)
at org.testng.SuiteRunnerWorker.run(SuiteRunnerWorker.java:96)
at org.testng.TestNG.runSuitesSequentially(TestNG.java:1212)
at org.testng.TestNG.runSuitesLocally(TestNG.java:1134)
at org.testng.TestNG.runSuites(TestNG.java:1063)
at org.testng.TestNG.run(TestNG.java:1031)
at org.testng.remote.AbstractRemoteTestNG.run(AbstractRemoteTestNG.java:115)
at org.testng.remote.RemoteTestNG.initAndRun(RemoteTestNG.java:251)
at org.testng.remote.RemoteTestNG.main(RemoteTestNG.java:77)
]]>
            </full-stacktrace>
          </exception> <!-- java.lang.AssertionError -->
          <reporter-output>
          </reporter-output>
        </test-method> <!-- testC -->
        <test-method status="PASS" signature="logout()[pri:0, instance:Practice.SampleExtendsReport@61862a7f]" name="logout" is-config="true" duration-ms="10136" started-at="2022-07-26T13:08:23 IST" finished-at="2022-07-26T13:08:33 IST">
          <reporter-output>
          </reporter-output>
        </test-method> <!-- logout -->
        <test-method status="PASS" signature="closeBroswer()[pri:0, instance:Practice.SampleExtendsReport@61862a7f]" name="closeBroswer" is-config="true" duration-ms="2559" started-at="2022-07-26T13:08:33 IST" finished-at="2022-07-26T13:08:36 IST">
          <reporter-output>
          </reporter-output>
        </test-method> <!-- closeBroswer -->
        <test-method status="PASS" signature="closeDB()[pri:0, instance:Practice.SampleExtendsReport@61862a7f]" name="closeDB" is-config="true" duration-ms="1" started-at="2022-07-26T13:08:38 IST" finished-at="2022-07-26T13:08:38 IST">
          <reporter-output>
          </reporter-output>
        </test-method> <!-- closeDB -->
      </class> <!-- Practice.SampleExtendsReport -->
    </test> <!-- Test -->
  </suite> <!-- Suite -->
</testng-results>
