<?xml version="1.0" encoding="UTF-8"?>
<!-- Generated by org.testng.reporters.JUnitXMLReporter -->
<testsuite ignored="2" hostname="DESKTOP-IH4C39S" failures="0" tests="3" name="Test1" time="121.106" errors="0" timestamp="2022-07-07T17:55:53 IST">
  <testcase classname="com.crm.Mobicentrum.OrganizationTest.CreateOrganization" name="createOrganization" time="50.595"/>
  <testcase classname="com.crm.Mobicentrum.ContactTest.CreateContact" name="CreateAndDeleteContactTest" time="65.548"/>
  <testcase classname="com.crm.Mobicentrum.ContactTest.CreateContact" name="CreateContactTest" time="17.098"/>
  <testcase classname="com.crm.Mobicentrum.GenericUtility.BaseClass" name="@AfterSuite closeDB" time="0.0">
    <ignored/>
  </testcase> <!-- @AfterSuite closeDB -->
  <testcase classname="com.crm.Mobicentrum.GenericUtility.BaseClass" name="@BeforeSuite ConnectDB" time="0.0">
    <ignored/>
  </testcase> <!-- @BeforeSuite ConnectDB -->
</testsuite> <!-- Test1 -->
